<?xml version="1.0" encoding="UTF-8"?>
<testng-results skipped="0" failed="0" ignored="0" total="1" passed="1">
  <reporter-output>
  </reporter-output>
  <suite name="Default suite" duration-ms="41758" started-at="2022-12-24T04:47:32Z" finished-at="2022-12-24T04:48:14Z">
    <groups>
    </groups>
    <test name="Default test" duration-ms="41758" started-at="2022-12-24T04:47:32Z" finished-at="2022-12-24T04:48:14Z">
      <class name="com.Amazon.TestAmazon">
        <test-method status="PASS" signature="testAmazonSearchFilter()[pri:0, instance:com.Amazon.TestAmazon@5649fd9b]" name="testAmazonSearchFilter" duration-ms="37050" started-at="2022-12-23T20:47:32Z" finished-at="2022-12-23T20:48:09Z">
          <reporter-output>
          </reporter-output>
        </test-method> <!-- testAmazonSearchFilter -->
        <test-method status="PASS" signature="tearDown()[pri:0, instance:com.Amazon.TestAmazon@5649fd9b]" name="tearDown" is-config="true" duration-ms="4634" started-at="2022-12-23T20:48:09Z" finished-at="2022-12-23T20:48:14Z">
          <reporter-output>
          </reporter-output>
        </test-method> <!-- tearDown -->
      </class> <!-- com.Amazon.TestAmazon -->
    </test> <!-- Default test -->
  </suite> <!-- Default suite -->
</testng-results>
